<?xml version="1.0" encoding="utf-8"?>
<coverage line-rate="0.9274" branch-rate="0.8571" version="1.9" timestamp="1710871156" lines-covered="230" lines-valid="248" branches-covered="72" branches-valid="84">
  <sources>
    <source>C:\Works\absantee\Domain\</source>
  </sources>
  <packages>
    <package name="Domain" line-rate="0.9274" branch-rate="0.8571" complexity="108">
      <classes>
        <class name="Domain.Associate" filename="Associate.cs" line-rate="1" branch-rate="1" complexity="8">
          <methods>
            <method name="get_DateStart" signature="()" line-rate="1" branch-rate="1" complexity="1">
              <lines>
                <line number="12" hits="9" branch="False" />
              </lines>
            </method>
            <method name="get_DateEnd" signature="()" line-rate="1" branch-rate="1" complexity="1">
              <lines>
                <line number="13" hits="9" branch="False" />
              </lines>
            </method>
            <method name="get_Colaborator" signature="()" line-rate="1" branch-rate="1" complexity="1">
              <lines>
                <line number="25" hits="6" branch="False" />
              </lines>
            </method>
            <method name="GetAssociation" signature="()" line-rate="1" branch-rate="1" complexity="1">
              <lines>
                <line number="31" hits="1" branch="False" />
                <line number="32" hits="1" branch="False" />
                <line number="33" hits="1" branch="False" />
              </lines>
            </method>
            <method name=".ctor" signature="(IColaborator,Domain.IProject,System.DateOnly,System.DateOnly)" line-rate="1" branch-rate="1" complexity="4">
              <lines>
                <line number="15" hits="18" branch="False" />
                <line number="17" hits="9" branch="True" condition-coverage="100% (2/2)">
                  <conditions>
                    <condition number="11" type="jump" coverage="100%" />
                  </conditions>
                </line>
                <line number="18" hits="8" branch="True" condition-coverage="100% (2/2)">
                  <conditions>
                    <condition number="33" type="jump" coverage="100%" />
                  </conditions>
                </line>
                <line number="19" hits="7" branch="False" />
                <line number="20" hits="7" branch="False" />
                <line number="21" hits="7" branch="False" />
              </lines>
            </method>
          </methods>
          <lines>
            <line number="12" hits="9" branch="False" />
            <line number="13" hits="9" branch="False" />
            <line number="25" hits="6" branch="False" />
            <line number="31" hits="1" branch="False" />
            <line number="32" hits="1" branch="False" />
            <line number="33" hits="1" branch="False" />
            <line number="15" hits="18" branch="False" />
            <line number="17" hits="9" branch="True" condition-coverage="100% (2/2)">
              <conditions>
                <condition number="11" type="jump" coverage="100%" />
              </conditions>
            </line>
            <line number="18" hits="8" branch="True" condition-coverage="100% (2/2)">
              <conditions>
                <condition number="33" type="jump" coverage="100%" />
              </conditions>
            </line>
            <line number="19" hits="7" branch="False" />
            <line number="20" hits="7" branch="False" />
            <line number="21" hits="7" branch="False" />
          </lines>
        </class>
        <class name="Domain.Colaborator" filename="Colaborator.cs" line-rate="1" branch-rate="1" complexity="14">
          <methods>
            <method name="isValidParameters" signature="(System.String,System.String)" line-rate="1" branch-rate="1" complexity="10">
              <lines>
                <line number="22" hits="14" branch="False" />
                <line number="24" hits="14" branch="True" condition-coverage="100% (8/8)">
                  <conditions>
                    <condition number="2" type="jump" coverage="100%" />
                    <condition number="12" type="jump" coverage="100%" />
                    <condition number="20" type="jump" coverage="100%" />
                    <condition number="122" type="jump" coverage="100%" />
                  </conditions>
                </line>
                <line number="25" hits="14" branch="False" />
                <line number="26" hits="14" branch="False" />
                <line number="27" hits="14" branch="False" />
                <line number="28" hits="9" branch="False" />
                <line number="30" hits="5" branch="True" condition-coverage="100% (2/2)">
                  <conditions>
                    <condition number="140" type="jump" coverage="100%" />
                  </conditions>
                </line>
                <line number="31" hits="3" branch="False" />
                <line number="33" hits="2" branch="False" />
                <line number="34" hits="14" branch="False" />
              </lines>
            </method>
            <method name="ContainsAny" signature="(System.String,System.String[])" line-rate="1" branch-rate="1" complexity="1">
              <lines>
                <line number="37" hits="6" branch="False" />
                <line number="38" hits="58" branch="False" />
                <line number="39" hits="6" branch="False" />
              </lines>
            </method>
            <method name="IsValidEmailAddres" signature="(System.String)" line-rate="1" branch-rate="1" complexity="1">
              <lines>
                <line number="43" hits="5" branch="False" />
                <line number="44" hits="5" branch="False" />
                <line number="47" hits="5" branch="False" />
                <line number="48" hits="5" branch="False" />
                <line number="49" hits="2" branch="False" />
                <line number="50" hits="3" branch="False" />
                <line number="51" hits="3" branch="False" />
                <line number="52" hits="3" branch="False" />
                <line number="53" hits="3" branch="False" />
                <line number="55" hits="5" branch="False" />
                <line number="56" hits="5" branch="False" />
              </lines>
            </method>
            <method name=".ctor" signature="(System.String,System.String)" line-rate="1" branch-rate="1" complexity="2">
              <lines>
                <line number="10" hits="28" branch="False" />
                <line number="12" hits="16" branch="True" condition-coverage="100% (2/2)">
                  <conditions>
                    <condition number="18" type="jump" coverage="100%" />
                  </conditions>
                </line>
                <line number="13" hits="2" branch="False" />
                <line number="14" hits="2" branch="False" />
                <line number="15" hits="2" branch="False" />
                <line number="17" hits="12" branch="False" />
                <line number="18" hits="2" branch="False" />
              </lines>
            </method>
          </methods>
          <lines>
            <line number="22" hits="14" branch="False" />
            <line number="24" hits="14" branch="True" condition-coverage="100% (8/8)">
              <conditions>
                <condition number="2" type="jump" coverage="100%" />
                <condition number="12" type="jump" coverage="100%" />
                <condition number="20" type="jump" coverage="100%" />
                <condition number="122" type="jump" coverage="100%" />
              </conditions>
            </line>
            <line number="25" hits="14" branch="False" />
            <line number="26" hits="14" branch="False" />
            <line number="27" hits="14" branch="False" />
            <line number="28" hits="9" branch="False" />
            <line number="30" hits="5" branch="True" condition-coverage="100% (2/2)">
              <conditions>
                <condition number="140" type="jump" coverage="100%" />
              </conditions>
            </line>
            <line number="31" hits="3" branch="False" />
            <line number="33" hits="2" branch="False" />
            <line number="34" hits="14" branch="False" />
            <line number="37" hits="6" branch="False" />
            <line number="38" hits="58" branch="False" />
            <line number="39" hits="6" branch="False" />
            <line number="43" hits="5" branch="False" />
            <line number="44" hits="5" branch="False" />
            <line number="47" hits="5" branch="False" />
            <line number="48" hits="5" branch="False" />
            <line number="49" hits="2" branch="False" />
            <line number="50" hits="3" branch="False" />
            <line number="51" hits="3" branch="False" />
            <line number="52" hits="3" branch="False" />
            <line number="53" hits="3" branch="False" />
            <line number="55" hits="5" branch="False" />
            <line number="56" hits="5" branch="False" />
            <line number="10" hits="28" branch="False" />
            <line number="12" hits="16" branch="True" condition-coverage="100% (2/2)">
              <conditions>
                <condition number="18" type="jump" coverage="100%" />
              </conditions>
            </line>
            <line number="13" hits="2" branch="False" />
            <line number="14" hits="2" branch="False" />
            <line number="15" hits="2" branch="False" />
            <line number="17" hits="12" branch="False" />
            <line number="18" hits="2" branch="False" />
          </lines>
        </class>
        <class name="Domain.Holiday" filename="Holiday.cs" line-rate="1" branch-rate="1" complexity="12">
          <methods>
            <method name="addHolidayPeriod" signature="(System.DateOnly,System.DateOnly)" line-rate="1" branch-rate="1" complexity="1">
              <lines>
                <line number="21" hits="6" branch="False" />
                <line number="23" hits="6" branch="False" />
                <line number="24" hits="6" branch="False" />
                <line number="25" hits="6" branch="False" />
                <line number="26" hits="6" branch="False" />
              </lines>
            </method>
            <method name="GetHolidayPeriod" signature="(System.DateOnly,System.DateOnly)" line-rate="1" branch-rate="1" complexity="6">
              <lines>
                <line number="35" hits="4" branch="False" />
                <line number="37" hits="4" branch="False" />
                <line number="39" hits="24" branch="True" condition-coverage="100% (2/2)">
                  <conditions>
                    <condition number="82" type="jump" coverage="100%" />
                  </conditions>
                </line>
                <line number="40" hits="6" branch="True" condition-coverage="100% (4/4)">
                  <conditions>
                    <condition number="43" type="jump" coverage="100%" />
                    <condition number="62" type="jump" coverage="100%" />
                  </conditions>
                </line>
                <line number="41" hits="2" branch="False" />
                <line number="42" hits="2" branch="False" />
                <line number="43" hits="4" branch="False" />
                <line number="45" hits="4" branch="False" />
                <line number="46" hits="4" branch="False" />
              </lines>
            </method>
            <method name="GetHolidayPeriods" signature="()" line-rate="1" branch-rate="1" complexity="1">
              <lines>
                <line number="49" hits="5" branch="False" />
                <line number="50" hits="5" branch="False" />
                <line number="51" hits="5" branch="False" />
              </lines>
            </method>
            <method name="GetDaysOfHoliday" signature="(System.DateOnly,System.DateOnly)" line-rate="1" branch-rate="1" complexity="1">
              <lines>
                <line number="54" hits="1" branch="False" />
                <line number="56" hits="1" branch="False" />
                <line number="57" hits="1" branch="False" />
                <line number="59" hits="1" branch="False" />
                <line number="60" hits="1" branch="False" />
                <line number="63" hits="1" branch="False" />
                <line number="64" hits="1" branch="False" />
              </lines>
            </method>
            <method name="GetColaborator" signature="()" line-rate="1" branch-rate="1" complexity="1">
              <lines>
                <line number="66" hits="10" branch="False" />
                <line number="69" hits="10" branch="False" />
                <line number="71" hits="10" branch="False" />
              </lines>
            </method>
            <method name=".ctor" signature="(IColaborator)" line-rate="1" branch-rate="1" complexity="2">
              <lines>
                <line number="9" hits="19" branch="False" />
                <line number="11" hits="19" branch="False" />
                <line number="12" hits="19" branch="False" />
                <line number="13" hits="19" branch="True" condition-coverage="100% (2/2)">
                  <conditions>
                    <condition number="25" type="jump" coverage="100%" />
                  </conditions>
                </line>
                <line number="14" hits="18" branch="False" />
                <line number="16" hits="1" branch="False" />
                <line number="19" hits="18" branch="False" />
              </lines>
            </method>
          </methods>
          <lines>
            <line number="21" hits="6" branch="False" />
            <line number="23" hits="6" branch="False" />
            <line number="24" hits="6" branch="False" />
            <line number="25" hits="6" branch="False" />
            <line number="26" hits="6" branch="False" />
            <line number="35" hits="4" branch="False" />
            <line number="37" hits="4" branch="False" />
            <line number="39" hits="24" branch="True" condition-coverage="100% (2/2)">
              <conditions>
                <condition number="82" type="jump" coverage="100%" />
              </conditions>
            </line>
            <line number="40" hits="6" branch="True" condition-coverage="100% (4/4)">
              <conditions>
                <condition number="43" type="jump" coverage="100%" />
                <condition number="62" type="jump" coverage="100%" />
              </conditions>
            </line>
            <line number="41" hits="2" branch="False" />
            <line number="42" hits="2" branch="False" />
            <line number="43" hits="4" branch="False" />
            <line number="45" hits="4" branch="False" />
            <line number="46" hits="4" branch="False" />
            <line number="49" hits="5" branch="False" />
            <line number="50" hits="5" branch="False" />
            <line number="51" hits="5" branch="False" />
            <line number="54" hits="1" branch="False" />
            <line number="56" hits="1" branch="False" />
            <line number="57" hits="1" branch="False" />
            <line number="59" hits="1" branch="False" />
            <line number="60" hits="1" branch="False" />
            <line number="63" hits="1" branch="False" />
            <line number="64" hits="1" branch="False" />
            <line number="66" hits="10" branch="False" />
            <line number="69" hits="10" branch="False" />
            <line number="71" hits="10" branch="False" />
            <line number="9" hits="19" branch="False" />
            <line number="11" hits="19" branch="False" />
            <line number="12" hits="19" branch="False" />
            <line number="13" hits="19" branch="True" condition-coverage="100% (2/2)">
              <conditions>
                <condition number="25" type="jump" coverage="100%" />
              </conditions>
            </line>
            <line number="14" hits="18" branch="False" />
            <line number="16" hits="1" branch="False" />
            <line number="19" hits="18" branch="False" />
          </lines>
        </class>
        <class name="Domain.HolidayPeriod" filename="HolidayPeriod.cs" line-rate="1" branch-rate="1" complexity="4">
          <methods>
            <method name="getStartDate" signature="()" line-rate="1" branch-rate="1" complexity="1">
              <lines>
                <line number="22" hits="5" branch="False" />
                <line number="23" hits="5" branch="False" />
                <line number="24" hits="5" branch="False" />
              </lines>
            </method>
            <method name="getEndDate" signature="()" line-rate="1" branch-rate="1" complexity="1">
              <lines>
                <line number="25" hits="3" branch="False" />
                <line number="26" hits="3" branch="False" />
                <line number="27" hits="3" branch="False" />
              </lines>
            </method>
            <method name=".ctor" signature="(System.DateOnly,System.DateOnly)" line-rate="1" branch-rate="1" complexity="2">
              <lines>
                <line number="12" hits="12" branch="False" />
                <line number="13" hits="12" branch="False" />
                <line number="14" hits="22" branch="True" condition-coverage="100% (2/2)">
                  <conditions>
                    <condition number="17" type="jump" coverage="100%" />
                  </conditions>
                </line>
                <line number="15" hits="10" branch="False" />
                <line number="16" hits="10" branch="False" />
                <line number="17" hits="10" branch="False" />
                <line number="19" hits="2" branch="False" />
                <line number="20" hits="10" branch="False" />
              </lines>
            </method>
          </methods>
          <lines>
            <line number="22" hits="5" branch="False" />
            <line number="23" hits="5" branch="False" />
            <line number="24" hits="5" branch="False" />
            <line number="25" hits="3" branch="False" />
            <line number="26" hits="3" branch="False" />
            <line number="27" hits="3" branch="False" />
            <line number="12" hits="12" branch="False" />
            <line number="13" hits="12" branch="False" />
            <line number="14" hits="22" branch="True" condition-coverage="100% (2/2)">
              <conditions>
                <condition number="17" type="jump" coverage="100%" />
              </conditions>
            </line>
            <line number="15" hits="10" branch="False" />
            <line number="16" hits="10" branch="False" />
            <line number="17" hits="10" branch="False" />
            <line number="19" hits="2" branch="False" />
            <line number="20" hits="10" branch="False" />
          </lines>
        </class>
        <class name="Domain.Holidays" filename="Holidays.cs" line-rate="0.7977" branch-rate="0.6842" complexity="42">
          <methods>
            <method name="addHoliday" signature="(Domain.IHoliday)" line-rate="1" branch-rate="1" complexity="1">
              <lines>
                <line number="21" hits="1" branch="False" />
                <line number="22" hits="1" branch="False" />
                <line number="23" hits="1" branch="False" />
              </lines>
            </method>
            <method name="GetHolidays" signature="()" line-rate="1" branch-rate="1" complexity="1">
              <lines>
                <line number="26" hits="1" branch="False" />
                <line number="27" hits="1" branch="False" />
                <line number="28" hits="1" branch="False" />
              </lines>
            </method>
            <method name="GetHolidaysOfColaborator" signature="(IColaborator)" line-rate="1" branch-rate="1" complexity="4">
              <lines>
                <line number="30" hits="3" branch="False" />
                <line number="31" hits="3" branch="False" />
                <line number="33" hits="21" branch="True" condition-coverage="100% (2/2)">
                  <conditions>
                    <condition number="62" type="jump" coverage="100%" />
                  </conditions>
                </line>
                <line number="34" hits="6" branch="False" />
                <line number="35" hits="6" branch="True" condition-coverage="100% (2/2)">
                  <conditions>
                    <condition number="42" type="jump" coverage="100%" />
                  </conditions>
                </line>
                <line number="36" hits="6" branch="False" />
                <line number="37" hits="6" branch="False" />
                <line number="38" hits="6" branch="False" />
                <line number="39" hits="6" branch="False" />
                <line number="41" hits="3" branch="False" />
                <line number="42" hits="3" branch="False" />
              </lines>
            </method>
            <method name="GetHolidaysByColaborator" signature="(IColaborator)" line-rate="1" branch-rate="1" complexity="1">
              <lines>
                <line number="45" hits="1" branch="False" />
                <line number="46" hits="4" branch="False" />
                <line number="47" hits="1" branch="False" />
              </lines>
            </method>
            <method name="IsColaboratorInProject" signature="(IColaborator,Domain.IProject)" line-rate="1" branch-rate="1" complexity="4">
              <lines>
                <line number="50" hits="4" branch="False" />
                <line number="52" hits="4" branch="False" />
                <line number="55" hits="17" branch="True" condition-coverage="100% (2/2)">
                  <conditions>
                    <condition number="54" type="jump" coverage="100%" />
                  </conditions>
                </line>
                <line number="56" hits="4" branch="False" />
                <line number="58" hits="4" branch="True" condition-coverage="100% (2/2)">
                  <conditions>
                    <condition number="38" type="jump" coverage="100%" />
                  </conditions>
                </line>
                <line number="59" hits="3" branch="False" />
                <line number="61" hits="3" branch="False" />
                <line number="63" hits="1" branch="False" />
                <line number="66" hits="1" branch="False" />
                <line number="67" hits="4" branch="False" />
              </lines>
            </method>
            <method name="GetDaysOfHolidayFromProjectOfColaborator" signature="(System.DateOnly,System.DateOnly,IColaborator,Domain.IProject)" line-rate="0.64" branch-rate="0.5714" complexity="14">
              <lines>
                <line number="73" hits="1" branch="False" />
                <line number="74" hits="1" branch="False" />
                <line number="76" hits="1" branch="False" />
                <line number="77" hits="1" branch="False" />
                <line number="79" hits="1" branch="True" condition-coverage="100% (2/2)">
                  <conditions>
                    <condition number="24" type="jump" coverage="100%" />
                  </conditions>
                </line>
                <line number="80" hits="1" branch="False" />
                <line number="82" hits="1" branch="True" condition-coverage="75% (3/4)">
                  <conditions>
                    <condition number="43" type="jump" coverage="50%" />
                    <condition number="65" type="jump" coverage="100%" />
                  </conditions>
                </line>
                <line number="83" hits="1" branch="False" />
                <line number="84" hits="7" branch="True" condition-coverage="100% (2/2)">
                  <conditions>
                    <condition number="289" type="jump" coverage="100%" />
                  </conditions>
                </line>
                <line number="85" hits="2" branch="False" />
                <line number="87" hits="6" branch="True" condition-coverage="50% (1/2)">
                  <conditions>
                    <condition number="259" type="jump" coverage="50%" />
                  </conditions>
                </line>
                <line number="88" hits="0" branch="False" />
                <line number="90" hits="0" branch="True" condition-coverage="0% (0/4)">
                  <conditions>
                    <condition number="144" type="jump" coverage="0%" />
                    <condition number="172" type="jump" coverage="0%" />
                  </conditions>
                </line>
                <line number="91" hits="0" branch="False" />
                <line number="93" hits="0" branch="False" />
                <line number="94" hits="0" branch="False" />
                <line number="95" hits="0" branch="False" />
                <line number="98" hits="0" branch="False" />
                <line number="99" hits="0" branch="False" />
                <line number="100" hits="0" branch="False" />
                <line number="102" hits="2" branch="False" />
                <line number="104" hits="1" branch="False" />
                <line number="105" hits="1" branch="False" />
                <line number="107" hits="1" branch="False" />
                <line number="108" hits="1" branch="False" />
              </lines>
            </method>
            <method name="GetDaysOfHolidayFromProjectOfAll" signature="(System.DateOnly,System.DateOnly,Domain.IProject)" line-rate="0.7" branch-rate="0.625" complexity="16">
              <lines>
                <line number="111" hits="1" branch="False" />
                <line number="112" hits="1" branch="False" />
                <line number="114" hits="1" branch="False" />
                <line number="115" hits="5" branch="True" condition-coverage="100% (2/2)">
                  <conditions>
                    <condition number="361" type="jump" coverage="100%" />
                  </conditions>
                </line>
                <line number="116" hits="1" branch="False" />
                <line number="117" hits="1" branch="False" />
                <line number="120" hits="1" branch="False" />
                <line number="122" hits="1" branch="True" condition-coverage="100% (2/2)">
                  <conditions>
                    <condition number="57" type="jump" coverage="100%" />
                  </conditions>
                </line>
                <line number="123" hits="1" branch="False" />
                <line number="124" hits="1" branch="False" />
                <line number="126" hits="1" branch="True" condition-coverage="75% (3/4)">
                  <conditions>
                    <condition number="85" type="jump" coverage="50%" />
                    <condition number="106" type="jump" coverage="100%" />
                  </conditions>
                </line>
                <line number="127" hits="1" branch="False" />
                <line number="128" hits="7" branch="True" condition-coverage="100% (2/2)">
                  <conditions>
                    <condition number="329" type="jump" coverage="100%" />
                  </conditions>
                </line>
                <line number="129" hits="2" branch="False" />
                <line number="130" hits="6" branch="True" condition-coverage="50% (1/2)">
                  <conditions>
                    <condition number="299" type="jump" coverage="50%" />
                  </conditions>
                </line>
                <line number="131" hits="0" branch="False" />
                <line number="133" hits="0" branch="True" condition-coverage="0% (0/4)">
                  <conditions>
                    <condition number="185" type="jump" coverage="0%" />
                    <condition number="212" type="jump" coverage="0%" />
                  </conditions>
                </line>
                <line number="134" hits="0" branch="False" />
                <line number="136" hits="0" branch="False" />
                <line number="137" hits="0" branch="False" />
                <line number="138" hits="0" branch="False" />
                <line number="140" hits="0" branch="False" />
                <line number="141" hits="0" branch="False" />
                <line number="142" hits="0" branch="False" />
                <line number="143" hits="2" branch="False" />
                <line number="144" hits="1" branch="False" />
                <line number="145" hits="1" branch="False" />
                <line number="146" hits="1" branch="False" />
                <line number="148" hits="1" branch="False" />
                <line number="149" hits="1" branch="False" />
              </lines>
            </method>
            <method name=".ctor" signature="(System.Collections.Generic.List`1&lt;Domain.IHoliday&gt;)" line-rate="1" branch-rate="1" complexity="1">
              <lines>
                <line number="13" hits="7" branch="False" />
                <line number="14" hits="7" branch="False" />
                <line number="15" hits="7" branch="False" />
                <line number="16" hits="7" branch="False" />
              </lines>
            </method>
          </methods>
          <lines>
            <line number="21" hits="1" branch="False" />
            <line number="22" hits="1" branch="False" />
            <line number="23" hits="1" branch="False" />
            <line number="26" hits="1" branch="False" />
            <line number="27" hits="1" branch="False" />
            <line number="28" hits="1" branch="False" />
            <line number="30" hits="3" branch="False" />
            <line number="31" hits="3" branch="False" />
            <line number="33" hits="21" branch="True" condition-coverage="100% (2/2)">
              <conditions>
                <condition number="62" type="jump" coverage="100%" />
              </conditions>
            </line>
            <line number="34" hits="6" branch="False" />
            <line number="35" hits="6" branch="True" condition-coverage="100% (2/2)">
              <conditions>
                <condition number="42" type="jump" coverage="100%" />
              </conditions>
            </line>
            <line number="36" hits="6" branch="False" />
            <line number="37" hits="6" branch="False" />
            <line number="38" hits="6" branch="False" />
            <line number="39" hits="6" branch="False" />
            <line number="41" hits="3" branch="False" />
            <line number="42" hits="3" branch="False" />
            <line number="45" hits="1" branch="False" />
            <line number="46" hits="4" branch="False" />
            <line number="47" hits="1" branch="False" />
            <line number="50" hits="4" branch="False" />
            <line number="52" hits="4" branch="False" />
            <line number="55" hits="17" branch="True" condition-coverage="100% (2/2)">
              <conditions>
                <condition number="54" type="jump" coverage="100%" />
              </conditions>
            </line>
            <line number="56" hits="4" branch="False" />
            <line number="58" hits="4" branch="True" condition-coverage="100% (2/2)">
              <conditions>
                <condition number="38" type="jump" coverage="100%" />
              </conditions>
            </line>
            <line number="59" hits="3" branch="False" />
            <line number="61" hits="3" branch="False" />
            <line number="63" hits="1" branch="False" />
            <line number="66" hits="1" branch="False" />
            <line number="67" hits="4" branch="False" />
            <line number="73" hits="1" branch="False" />
            <line number="74" hits="1" branch="False" />
            <line number="76" hits="1" branch="False" />
            <line number="77" hits="1" branch="False" />
            <line number="79" hits="1" branch="True" condition-coverage="100% (2/2)">
              <conditions>
                <condition number="24" type="jump" coverage="100%" />
              </conditions>
            </line>
            <line number="80" hits="1" branch="False" />
            <line number="82" hits="1" branch="True" condition-coverage="75% (3/4)">
              <conditions>
                <condition number="43" type="jump" coverage="50%" />
                <condition number="65" type="jump" coverage="100%" />
              </conditions>
            </line>
            <line number="83" hits="1" branch="False" />
            <line number="84" hits="7" branch="True" condition-coverage="100% (2/2)">
              <conditions>
                <condition number="289" type="jump" coverage="100%" />
              </conditions>
            </line>
            <line number="85" hits="2" branch="False" />
            <line number="87" hits="6" branch="True" condition-coverage="50% (1/2)">
              <conditions>
                <condition number="259" type="jump" coverage="50%" />
              </conditions>
            </line>
            <line number="88" hits="0" branch="False" />
            <line number="90" hits="0" branch="True" condition-coverage="0% (0/4)">
              <conditions>
                <condition number="144" type="jump" coverage="0%" />
                <condition number="172" type="jump" coverage="0%" />
              </conditions>
            </line>
            <line number="91" hits="0" branch="False" />
            <line number="93" hits="0" branch="False" />
            <line number="94" hits="0" branch="False" />
            <line number="95" hits="0" branch="False" />
            <line number="98" hits="0" branch="False" />
            <line number="99" hits="0" branch="False" />
            <line number="100" hits="0" branch="False" />
            <line number="102" hits="2" branch="False" />
            <line number="104" hits="1" branch="False" />
            <line number="105" hits="1" branch="False" />
            <line number="107" hits="1" branch="False" />
            <line number="108" hits="1" branch="False" />
            <line number="111" hits="1" branch="False" />
            <line number="112" hits="1" branch="False" />
            <line number="114" hits="1" branch="False" />
            <line number="115" hits="5" branch="True" condition-coverage="100% (2/2)">
              <conditions>
                <condition number="361" type="jump" coverage="100%" />
              </conditions>
            </line>
            <line number="116" hits="1" branch="False" />
            <line number="117" hits="1" branch="False" />
            <line number="120" hits="1" branch="False" />
            <line number="122" hits="1" branch="True" condition-coverage="100% (2/2)">
              <conditions>
                <condition number="57" type="jump" coverage="100%" />
              </conditions>
            </line>
            <line number="123" hits="1" branch="False" />
            <line number="124" hits="1" branch="False" />
            <line number="126" hits="1" branch="True" condition-coverage="75% (3/4)">
              <conditions>
                <condition number="85" type="jump" coverage="50%" />
                <condition number="106" type="jump" coverage="100%" />
              </conditions>
            </line>
            <line number="127" hits="1" branch="False" />
            <line number="128" hits="7" branch="True" condition-coverage="100% (2/2)">
              <conditions>
                <condition number="329" type="jump" coverage="100%" />
              </conditions>
            </line>
            <line number="129" hits="2" branch="False" />
            <line number="130" hits="6" branch="True" condition-coverage="50% (1/2)">
              <conditions>
                <condition number="299" type="jump" coverage="50%" />
              </conditions>
            </line>
            <line number="131" hits="0" branch="False" />
            <line number="133" hits="0" branch="True" condition-coverage="0% (0/4)">
              <conditions>
                <condition number="185" type="jump" coverage="0%" />
                <condition number="212" type="jump" coverage="0%" />
              </conditions>
            </line>
            <line number="134" hits="0" branch="False" />
            <line number="136" hits="0" branch="False" />
            <line number="137" hits="0" branch="False" />
            <line number="138" hits="0" branch="False" />
            <line number="140" hits="0" branch="False" />
            <line number="141" hits="0" branch="False" />
            <line number="142" hits="0" branch="False" />
            <line number="143" hits="2" branch="False" />
            <line number="144" hits="1" branch="False" />
            <line number="145" hits="1" branch="False" />
            <line number="146" hits="1" branch="False" />
            <line number="148" hits="1" branch="False" />
            <line number="149" hits="1" branch="False" />
            <line number="13" hits="7" branch="False" />
            <line number="14" hits="7" branch="False" />
            <line number="15" hits="7" branch="False" />
            <line number="16" hits="7" branch="False" />
          </lines>
        </class>
        <class name="Domain.Opinion" filename="Opinion.cs" line-rate="1" branch-rate="1" complexity="4">
          <methods>
            <method name=".ctor" signature="(System.DateTime,System.Boolean,System.String,IColaborator)" line-rate="1" branch-rate="1" complexity="4">
              <lines>
                <line number="16" hits="8" branch="False" />
                <line number="18" hits="4" branch="False" />
                <line number="19" hits="4" branch="False" />
                <line number="20" hits="4" branch="True" condition-coverage="100% (2/2)">
                  <conditions>
                    <condition number="29" type="jump" coverage="100%" />
                  </conditions>
                </line>
                <line number="21" hits="2" branch="True" condition-coverage="100% (2/2)">
                  <conditions>
                    <condition number="54" type="jump" coverage="100%" />
                  </conditions>
                </line>
                <line number="22" hits="1" branch="False" />
              </lines>
            </method>
          </methods>
          <lines>
            <line number="16" hits="8" branch="False" />
            <line number="18" hits="4" branch="False" />
            <line number="19" hits="4" branch="False" />
            <line number="20" hits="4" branch="True" condition-coverage="100% (2/2)">
              <conditions>
                <condition number="29" type="jump" coverage="100%" />
              </conditions>
            </line>
            <line number="21" hits="2" branch="True" condition-coverage="100% (2/2)">
              <conditions>
                <condition number="54" type="jump" coverage="100%" />
              </conditions>
            </line>
            <line number="22" hits="1" branch="False" />
          </lines>
        </class>
        <class name="Domain.Project" filename="Project.cs" line-rate="1" branch-rate="1" complexity="8">
          <methods>
            <method name="get__dateStart" signature="()" line-rate="1" branch-rate="1" complexity="1">
              <lines>
                <line number="13" hits="9" branch="False" />
              </lines>
            </method>
            <method name="get__dateEnd" signature="()" line-rate="1" branch-rate="1" complexity="1">
              <lines>
                <line number="15" hits="9" branch="False" />
              </lines>
            </method>
            <method name="AddColaborator" signature="(IColaborator,System.DateOnly,System.DateOnly)" line-rate="1" branch-rate="1" complexity="2">
              <lines>
                <line number="30" hits="5" branch="False" />
                <line number="31" hits="5" branch="True" condition-coverage="100% (2/2)">
                  <conditions>
                    <condition number="7" type="jump" coverage="100%" />
                  </conditions>
                </line>
                <line number="32" hits="1" branch="False" />
                <line number="33" hits="1" branch="False" />
                <line number="37" hits="4" branch="False" />
                <line number="40" hits="4" branch="False" />
                <line number="41" hits="4" branch="False" />
                <line number="42" hits="4" branch="False" />
              </lines>
            </method>
            <method name="GetAssociations" signature="()" line-rate="1" branch-rate="1" complexity="1">
              <lines>
                <line number="45" hits="3" branch="False" />
                <line number="46" hits="3" branch="False" />
                <line number="47" hits="3" branch="False" />
              </lines>
            </method>
            <method name="get_DateStart" signature="()" line-rate="1" branch-rate="1" complexity="1">
              <lines>
                <line number="51" hits="3" branch="False" />
              </lines>
            </method>
            <method name="get_DateEnd" signature="()" line-rate="1" branch-rate="1" complexity="1">
              <lines>
                <line number="57" hits="3" branch="False" />
              </lines>
            </method>
            <method name=".ctor" signature="(System.String,System.DateOnly,System.DateOnly)" line-rate="1" branch-rate="1" complexity="1">
              <lines>
                <line number="17" hits="8" branch="False" />
                <line number="20" hits="16" branch="False" />
                <line number="22" hits="8" branch="False" />
                <line number="23" hits="8" branch="False" />
                <line number="24" hits="8" branch="False" />
                <line number="26" hits="8" branch="False" />
              </lines>
            </method>
          </methods>
          <lines>
            <line number="13" hits="9" branch="False" />
            <line number="15" hits="9" branch="False" />
            <line number="30" hits="5" branch="False" />
            <line number="31" hits="5" branch="True" condition-coverage="100% (2/2)">
              <conditions>
                <condition number="7" type="jump" coverage="100%" />
              </conditions>
            </line>
            <line number="32" hits="1" branch="False" />
            <line number="33" hits="1" branch="False" />
            <line number="37" hits="4" branch="False" />
            <line number="40" hits="4" branch="False" />
            <line number="41" hits="4" branch="False" />
            <line number="42" hits="4" branch="False" />
            <line number="45" hits="3" branch="False" />
            <line number="46" hits="3" branch="False" />
            <line number="47" hits="3" branch="False" />
            <line number="51" hits="3" branch="False" />
            <line number="57" hits="3" branch="False" />
            <line number="17" hits="8" branch="False" />
            <line number="20" hits="16" branch="False" />
            <line number="22" hits="8" branch="False" />
            <line number="23" hits="8" branch="False" />
            <line number="24" hits="8" branch="False" />
            <line number="26" hits="8" branch="False" />
          </lines>
        </class>
        <class name="Domain.Skills" filename="Skills.cs" line-rate="1" branch-rate="1" complexity="9">
          <methods>
            <method name="DescriptionVerification" signature="(System.String)" line-rate="1" branch-rate="1" complexity="6">
              <lines>
                <line number="21" hits="7" branch="False" />
                <line number="22" hits="7" branch="True" condition-coverage="100% (6/6)">
                  <conditions>
                    <condition number="7" type="jump" coverage="100%" />
                    <condition number="16" type="jump" coverage="100%" />
                    <condition number="47" type="jump" coverage="100%" />
                  </conditions>
                </line>
                <line number="23" hits="3" branch="False" />
                <line number="24" hits="3" branch="False" />
                <line number="26" hits="4" branch="False" />
                <line number="27" hits="4" branch="False" />
                <line number="30" hits="4" branch="False" />
              </lines>
            </method>
            <method name="LevelRange" signature="(System.Int32)" line-rate="1" branch-rate="1" complexity="2">
              <lines>
                <line number="33" hits="4" branch="False" />
                <line number="34" hits="6" branch="True" condition-coverage="100% (2/2)">
                  <conditions>
                    <condition number="16" type="jump" coverage="100%" />
                  </conditions>
                </line>
                <line number="35" hits="2" branch="False" />
                <line number="36" hits="2" branch="False" />
                <line number="37" hits="2" branch="False" />
                <line number="40" hits="2" branch="False" />
              </lines>
            </method>
            <method name=".ctor" signature="(System.String,System.Int32)" line-rate="1" branch-rate="1" complexity="1">
              <lines>
                <line number="14" hits="14" branch="False" />
                <line number="16" hits="7" branch="False" />
                <line number="17" hits="4" branch="False" />
                <line number="18" hits="2" branch="False" />
              </lines>
            </method>
          </methods>
          <lines>
            <line number="21" hits="7" branch="False" />
            <line number="22" hits="7" branch="True" condition-coverage="100% (6/6)">
              <conditions>
                <condition number="7" type="jump" coverage="100%" />
                <condition number="16" type="jump" coverage="100%" />
                <condition number="47" type="jump" coverage="100%" />
              </conditions>
            </line>
            <line number="23" hits="3" branch="False" />
            <line number="24" hits="3" branch="False" />
            <line number="26" hits="4" branch="False" />
            <line number="27" hits="4" branch="False" />
            <line number="30" hits="4" branch="False" />
            <line number="33" hits="4" branch="False" />
            <line number="34" hits="6" branch="True" condition-coverage="100% (2/2)">
              <conditions>
                <condition number="16" type="jump" coverage="100%" />
              </conditions>
            </line>
            <line number="35" hits="2" branch="False" />
            <line number="36" hits="2" branch="False" />
            <line number="37" hits="2" branch="False" />
            <line number="40" hits="2" branch="False" />
            <line number="14" hits="14" branch="False" />
            <line number="16" hits="7" branch="False" />
            <line number="17" hits="4" branch="False" />
            <line number="18" hits="2" branch="False" />
          </lines>
        </class>
        <class name="Domain.Training" filename="Training.cs" line-rate="1" branch-rate="1" complexity="5">
          <methods>
            <method name="isValidDescription" signature="(System.String)" line-rate="1" branch-rate="1" complexity="1">
              <lines>
                <line number="31" hits="5" branch="False" />
                <line number="33" hits="5" branch="False" />
                <line number="34" hits="5" branch="False" />
                <line number="36" hits="5" branch="False" />
              </lines>
            </method>
            <method name=".ctor" signature="(System.String,IColaborator)" line-rate="1" branch-rate="1" complexity="4">
              <lines>
                <line number="12" hits="6" branch="False" />
                <line number="15" hits="6" branch="False" />
                <line number="16" hits="6" branch="False" />
                <line number="17" hits="6" branch="True" condition-coverage="100% (2/2)">
                  <conditions>
                    <condition number="25" type="jump" coverage="100%" />
                  </conditions>
                </line>
                <line number="18" hits="5" branch="False" />
                <line number="20" hits="1" branch="False" />
                <line number="22" hits="5" branch="True" condition-coverage="100% (2/2)">
                  <conditions>
                    <condition number="56" type="jump" coverage="100%" />
                  </conditions>
                </line>
                <line number="23" hits="2" branch="False" />
                <line number="24" hits="2" branch="False" />
                <line number="25" hits="2" branch="False" />
                <line number="27" hits="3" branch="False" />
                <line number="28" hits="2" branch="False" />
              </lines>
            </method>
          </methods>
          <lines>
            <line number="31" hits="5" branch="False" />
            <line number="33" hits="5" branch="False" />
            <line number="34" hits="5" branch="False" />
            <line number="36" hits="5" branch="False" />
            <line number="12" hits="6" branch="False" />
            <line number="15" hits="6" branch="False" />
            <line number="16" hits="6" branch="False" />
            <line number="17" hits="6" branch="True" condition-coverage="100% (2/2)">
              <conditions>
                <condition number="25" type="jump" coverage="100%" />
              </conditions>
            </line>
            <line number="18" hits="5" branch="False" />
            <line number="20" hits="1" branch="False" />
            <line number="22" hits="5" branch="True" condition-coverage="100% (2/2)">
              <conditions>
                <condition number="56" type="jump" coverage="100%" />
              </conditions>
            </line>
            <line number="23" hits="2" branch="False" />
            <line number="24" hits="2" branch="False" />
            <line number="25" hits="2" branch="False" />
            <line number="27" hits="3" branch="False" />
            <line number="28" hits="2" branch="False" />
          </lines>
        </class>
        <class name="Domain.TrainingPeriod" filename="TrainingPeriod.cs" line-rate="1" branch-rate="1" complexity="2">
          <methods>
            <method name=".ctor" signature="(System.DateOnly,System.DateOnly)" line-rate="1" branch-rate="1" complexity="2">
              <lines>
                <line number="15" hits="3" branch="False" />
                <line number="16" hits="3" branch="False" />
                <line number="17" hits="4" branch="True" condition-coverage="100% (2/2)">
                  <conditions>
                    <condition number="17" type="jump" coverage="100%" />
                  </conditions>
                </line>
                <line number="18" hits="1" branch="False" />
                <line number="19" hits="1" branch="False" />
                <line number="20" hits="1" branch="False" />
                <line number="22" hits="2" branch="False" />
                <line number="23" hits="1" branch="False" />
              </lines>
            </method>
          </methods>
          <lines>
            <line number="15" hits="3" branch="False" />
            <line number="16" hits="3" branch="False" />
            <line number="17" hits="4" branch="True" condition-coverage="100% (2/2)">
              <conditions>
                <condition number="17" type="jump" coverage="100%" />
              </conditions>
            </line>
            <line number="18" hits="1" branch="False" />
            <line number="19" hits="1" branch="False" />
            <line number="20" hits="1" branch="False" />
            <line number="22" hits="2" branch="False" />
            <line number="23" hits="1" branch="False" />
          </lines>
        </class>
      </classes>
    </package>
  </packages>
</coverage>